2020-09-04 14:49:31,059 [ModalContext] WARN  o.e.m.i.discovery.MavenDiscovery - CatalogItem org.eclipse.m2e.discovery.lifecyclemapping.m2e-wtp does not contain lifecycle mapping metadata
2020-09-04 14:49:31,067 [ModalContext] WARN  o.e.m.i.discovery.MavenDiscovery - CatalogItem org.eclipse.m2e.discovery.lifecyclemapping.m2e-egit does not contain lifecycle mapping metadata
2020-09-04 14:49:31,068 [ModalContext] WARN  o.e.m.i.discovery.MavenDiscovery - CatalogItem org.eclipse.m2e.discovery.lifecyclemapping.m2e-subversive does not contain lifecycle mapping metadata
2020-09-04 14:49:31,068 [ModalContext] WARN  o.e.m.i.discovery.MavenDiscovery - CatalogItem org.eclipse.m2e.discovery.lifecyclemapping.m2e-subclipse does not contain lifecycle mapping metadata
2020-09-04 14:50:28,102 [Worker-0] INFO  o.e.m.c.i.l.LifecycleMappingFactory - Using org.eclipse.m2e.jdt.JarLifecycleMapping lifecycle mapping for MavenProject: gov.nist.itl.ssd.wipp:wipp-backend-core:3.0.0-SNAPSHOT @ /home/simo/Documents/Projects/fork/WIPP-backend/wipp-backend-core/pom.xml.
2020-09-04 14:50:28,560 [Worker-0] INFO  o.e.m.c.i.l.LifecycleMappingFactory - Using org.eclipse.m2e.jdt.JarLifecycleMapping lifecycle mapping for MavenProject: gov.nist.itl.ssd.wipp:wipp-backend-data:3.0.0-SNAPSHOT @ /home/simo/Documents/Projects/fork/WIPP-backend/wipp-backend-data/pom.xml.
2020-09-04 14:50:29,505 [Worker-0] INFO  o.e.m.c.i.l.LifecycleMappingFactory - Using org.maven.ide.eclipse.wtp.WarLifecycleMapping lifecycle mapping for MavenProject: gov.nist.itl.ssd.wipp:wipp-backend-application:3.0.0-SNAPSHOT @ /home/simo/Documents/Projects/fork/WIPP-backend/wipp-backend-application/pom.xml.
2020-09-04 14:50:29,939 [Worker-0] INFO  o.e.m.c.i.l.LifecycleMappingFactory - Using org.eclipse.m2e.jdt.JarLifecycleMapping lifecycle mapping for MavenProject: gov.nist.itl.ssd.wipp:wipp-backend-argo-workflows:3.0.0-SNAPSHOT @ /home/simo/Documents/Projects/fork/WIPP-backend/wipp-backend-argo-workflows/pom.xml.
2020-09-04 14:50:31,395 [Worker-0] WARN  o.e.m.c.i.embedder.EclipseLogger - The POM for org.apache.maven.plugins:maven-resources-plugin:jar:2.5 is invalid, transitive dependencies (if any) will not be available, enable debug logging for more details
2020-09-04 14:50:32,440 [Worker-0] INFO  o.e.m.j.i.AbstractJavaProjectConfigurator - Adding source folder /wipp-backend-core/src/main/java
2020-09-04 14:50:32,441 [Worker-0] INFO  o.e.m.j.i.AbstractJavaProjectConfigurator - Adding source folder /wipp-backend-core/src/test/java
2020-09-04 14:50:34,506 [Worker-5] INFO  o.e.m.c.i.l.LifecycleMappingFactory - Using org.eclipse.m2e.jdt.JarLifecycleMapping lifecycle mapping for MavenProject: gov.nist.itl.ssd.wipp:wipp-backend-core:3.0.0-SNAPSHOT @ /home/simo/Documents/Projects/fork/WIPP-backend/wipp-backend-core/pom.xml.
2020-09-04 14:50:36,699 [Worker-5] INFO  o.e.m.c.i.l.LifecycleMappingFactory - Using org.maven.ide.eclipse.wtp.WarLifecycleMapping lifecycle mapping for MavenProject: gov.nist.itl.ssd.wipp:wipp-backend-application:3.0.0-SNAPSHOT @ /home/simo/Documents/Projects/fork/WIPP-backend/wipp-backend-application/pom.xml.
2020-09-04 14:50:37,713 [Worker-5] INFO  o.e.m.c.i.l.LifecycleMappingFactory - Using org.eclipse.m2e.jdt.JarLifecycleMapping lifecycle mapping for MavenProject: gov.nist.itl.ssd.wipp:wipp-backend-argo-workflows:3.0.0-SNAPSHOT @ /home/simo/Documents/Projects/fork/WIPP-backend/wipp-backend-argo-workflows/pom.xml.
2020-09-04 14:50:38,222 [Worker-4] INFO  o.e.m.c.i.embedder.EclipseLogger - Using 'UTF-8' encoding to copy filtered resources.
2020-09-04 14:50:38,222 [Worker-4] INFO  o.e.m.c.i.embedder.EclipseLogger - skip non existing resourceDirectory /home/simo/Documents/Projects/fork/WIPP-backend/wipp-backend-core/src/main/resources
2020-09-04 14:50:38,223 [Worker-4] INFO  o.e.m.c.i.embedder.EclipseLogger - skip non existing resourceDirectory /home/simo/Documents/Projects/fork/WIPP-backend/wipp-backend-core/src/main/resources
2020-09-04 14:50:38,233 [Worker-4] INFO  o.e.m.c.i.embedder.EclipseLogger - Using 'UTF-8' encoding to copy filtered resources.
2020-09-04 14:50:38,233 [Worker-4] INFO  o.e.m.c.i.embedder.EclipseLogger - skip non existing resourceDirectory /home/simo/Documents/Projects/fork/WIPP-backend/wipp-backend-core/src/test/resources
2020-09-04 14:50:38,828 [Worker-4] INFO  o.e.m.c.i.embedder.EclipseLogger - Using 'UTF-8' encoding to copy filtered resources.
2020-09-04 14:50:38,832 [Worker-4] INFO  o.e.m.c.i.embedder.EclipseLogger - Copying 1 resource
2020-09-04 14:50:38,902 [Worker-4] INFO  o.e.m.c.i.embedder.EclipseLogger - Copying 0 resource
2020-09-04 14:50:38,909 [Worker-4] INFO  o.e.m.c.i.embedder.EclipseLogger - Using 'UTF-8' encoding to copy filtered resources.
2020-09-04 14:50:38,909 [Worker-4] INFO  o.e.m.c.i.embedder.EclipseLogger - skip non existing resourceDirectory /home/simo/Documents/Projects/fork/WIPP-backend/wipp-backend-application/src/test/resources
2020-09-04 14:50:39,012 [Worker-5] INFO  o.e.m.c.i.l.LifecycleMappingFactory - Using org.eclipse.m2e.jdt.JarLifecycleMapping lifecycle mapping for MavenProject: gov.nist.itl.ssd.wipp:wipp-backend-data:3.0.0-SNAPSHOT @ /home/simo/Documents/Projects/fork/WIPP-backend/wipp-backend-data/pom.xml.
2020-09-04 14:50:41,235 [Worker-2] INFO  o.e.m.c.i.embedder.EclipseLogger - Using 'UTF-8' encoding to copy filtered resources.
2020-09-04 14:50:41,235 [Worker-2] INFO  o.e.m.c.i.embedder.EclipseLogger - skip non existing resourceDirectory /home/simo/Documents/Projects/fork/WIPP-backend/wipp-backend-core/src/main/resources
2020-09-04 14:50:41,235 [Worker-2] INFO  o.e.m.c.i.embedder.EclipseLogger - skip non existing resourceDirectory /home/simo/Documents/Projects/fork/WIPP-backend/wipp-backend-core/src/main/resources
2020-09-04 14:50:41,244 [Worker-2] INFO  o.e.m.c.i.embedder.EclipseLogger - Using 'UTF-8' encoding to copy filtered resources.
2020-09-04 14:50:41,244 [Worker-2] INFO  o.e.m.c.i.embedder.EclipseLogger - skip non existing resourceDirectory /home/simo/Documents/Projects/fork/WIPP-backend/wipp-backend-core/src/test/resources
2020-09-04 14:50:41,303 [Worker-2] INFO  o.e.m.c.i.embedder.EclipseLogger - Using 'UTF-8' encoding to copy filtered resources.
2020-09-04 14:50:41,305 [Worker-2] INFO  o.e.m.c.i.embedder.EclipseLogger - Copying 0 resource
2020-09-04 14:50:41,305 [Worker-2] INFO  o.e.m.c.i.embedder.EclipseLogger - Copying 0 resource
2020-09-04 14:50:41,308 [Worker-2] INFO  o.e.m.c.i.embedder.EclipseLogger - Using 'UTF-8' encoding to copy filtered resources.
2020-09-04 14:50:41,308 [Worker-2] INFO  o.e.m.c.i.embedder.EclipseLogger - skip non existing resourceDirectory /home/simo/Documents/Projects/fork/WIPP-backend/wipp-backend-application/src/test/resources
